<?xml version="1.0" encoding="UTF-8"?>
<!-- Generated by org.testng.reporters.JUnitXMLReporter -->
<testsuite ignored="0" hostname="LAPTOP-J8GH24CH" failures="1" tests="2" name="ErrorValidationsTest" time="61.516" errors="0" timestamp="2024-05-30T18:40:31 IST">
  <testcase classname="CompanyName.tests.ErrorValidations" name="loginErrorValidation" time="0.425">
    <failure type="java.lang.AssertionError" message="expected [Incorrect email or password.] but found [Incorrect email or passwor]">
      <![CDATA[java.lang.AssertionError: expected [Incorrect email or password.] but found [Incorrect email or passwor]
at CompanyName.tests.ErrorValidations.loginErrorValidation(ErrorValidations.java:23)
at java.base/java.util.ArrayList.forEach(ArrayList.java:1511)
... Removed 33 stack frames]]>
    </failure>
  </testcase> <!-- loginErrorValidation -->
  <testcase classname="CompanyName.tests.ErrorValidations" name="productErrorValidation" time="13.728"/>
</testsuite> <!-- ErrorValidationsTest -->
