<?xml version="1.0" encoding="UTF-8"?>
<!-- Generated by org.testng.reporters.JUnitXMLReporter -->
<testsuite ignored="0" hostname="LAPTOP-J8GH24CH" failures="0" tests="4" name="StandaloneTest" time="125.266" errors="0" timestamp="2024-05-30T18:39:29 IST">
  <testcase classname="CompanyName.tests.StandAloneTest" name="submitorder" time="14.566"/>
  <testcase classname="CompanyName.tests.StandAloneTest" name="submitorder" time="14.543"/>
  <testcase classname="CompanyName.tests.StandAloneTest" name="submitorder" time="14.507"/>
  <testcase classname="CompanyName.tests.StandAloneTest" name="OrderHistoryTest" time="0.69"/>
</testsuite> <!-- StandaloneTest -->
